<?xml version="1.0" encoding="UTF-8"?>
<robot generator="Robot 7.1.1 (Python 3.13.0 on win32)" generated="2025-07-28T18:58:50.368405" rpa="false" schemaversion="5">
<suite id="s1" name="TestCase RegisterStudent" source="c:\Users\jalem\OneDrive\Desktop\Project_Test_Tutors\TestCases\TestCase_RegisterStudent.robot">
<test id="s1-t1" name="Register Student" line="7">
<kw name="Open Excel" owner="Keyword_RegisterStudent">
<kw name="Open Excel Document" owner="ExcelLibrary">
<arg>${DataTableRegisterStudent}</arg>
<arg>${Sheet}</arg>
<doc>Opens xlsx document file.</doc>
<status status="PASS" start="2025-07-28T18:58:52.098283" elapsed="0.063744"/>
</kw>
<arg>${DataTableRegisterStudent}</arg>
<arg>${Sheet}</arg>
<status status="PASS" start="2025-07-28T18:58:52.096311" elapsed="0.066374"/>
</kw>
<for flavor="IN RANGE">
<iter>
<kw name="Read Excel Cell" owner="ExcelLibrary">
<msg time="2025-07-28T18:58:52.170078" level="INFO">${Execute} = Y</msg>
<var>${Execute}</var>
<arg>${i}</arg>
<arg>1</arg>
<doc>Returns content of a cell.</doc>
<status status="PASS" start="2025-07-28T18:58:52.169009" elapsed="0.016182"/>
</kw>
<if>
<branch type="IF" condition="'${Execute}' == 'Y'">
<kw name="Open Browser WebSite" owner="Keyword_RegisterStudent">
<kw name="Open Browser" owner="SeleniumLibrary">
<msg time="2025-07-28T18:58:52.188725" level="INFO">Opening browser 'chrome' to base url 'http://localhost:8081/SpringMVCProject/'.</msg>
<arg>${URL}</arg>
<arg>${BROWSER}</arg>
<arg>options=add_experimental_option('detach',True)</arg>
<doc>Opens a new browser instance to the optional ``url``.</doc>
<status status="PASS" start="2025-07-28T18:58:52.187910" elapsed="4.240723"/>
</kw>
<kw name="Set Selenium Speed" owner="SeleniumLibrary">
<arg>0.1s</arg>
<doc>Sets the delay that is waited after each Selenium command.</doc>
<status status="PASS" start="2025-07-28T18:58:56.429209" elapsed="0.000644"/>
</kw>
<kw name="Maximize Browser Window" owner="SeleniumLibrary">
<doc>Maximizes current browser window.</doc>
<status status="PASS" start="2025-07-28T18:58:56.430275" elapsed="0.225168"/>
</kw>
<kw name="Wait Until Page Contains Element" owner="SeleniumLibrary">
<arg>${Loc_Register}</arg>
<arg>timeout=10s</arg>
<doc>Waits until the element ``locator`` appears on the current page.</doc>
<status status="PASS" start="2025-07-28T18:58:56.655982" elapsed="0.178947"/>
</kw>
<status status="PASS" start="2025-07-28T18:58:52.187125" elapsed="4.648348"/>
</kw>
<kw name="Click go To From Register" owner="Keyword_RegisterStudent">
<kw name="Click Element" owner="SeleniumLibrary">
<msg time="2025-07-28T18:58:56.837200" level="INFO">Clicking element '//img[@alt='Register']'.</msg>
<arg>${Loc_Register}</arg>
<doc>Click the element identified by ``locator``.</doc>
<status status="PASS" start="2025-07-28T18:58:56.836612" elapsed="0.622336"/>
</kw>
<kw name="Wait Until Page Contains Element" owner="SeleniumLibrary">
<arg>${LocStuID}</arg>
<arg>timeout=10s</arg>
<doc>Waits until the element ``locator`` appears on the current page.</doc>
<status status="PASS" start="2025-07-28T18:58:57.459537" elapsed="0.176222"/>
</kw>
<status status="PASS" start="2025-07-28T18:58:56.835926" elapsed="0.800451"/>
</kw>
<kw name="Read Excel Cell" owner="ExcelLibrary">
<msg time="2025-07-28T18:58:57.637670" level="INFO">${student_id} = 6504106383</msg>
<var>${student_id}</var>
<arg>${i}</arg>
<arg>3</arg>
<doc>Returns content of a cell.</doc>
<status status="PASS" start="2025-07-28T18:58:57.636855" elapsed="0.001164"/>
</kw>
<kw name="Read Excel Cell" owner="ExcelLibrary">
<msg time="2025-07-28T18:58:57.639158" level="INFO">${email} = Patarawut</msg>
<var>${email}</var>
<arg>${i}</arg>
<arg>4</arg>
<doc>Returns content of a cell.</doc>
<status status="PASS" start="2025-07-28T18:58:57.638460" elapsed="0.000997"/>
</kw>
<kw name="Read Excel Cell" owner="ExcelLibrary">
<msg time="2025-07-28T18:58:57.640667" level="INFO">${Firstname} = maojai</msg>
<var>${Firstname}</var>
<arg>${i}</arg>
<arg>5</arg>
<doc>Returns content of a cell.</doc>
<status status="PASS" start="2025-07-28T18:58:57.639936" elapsed="0.001030"/>
</kw>
<kw name="Read Excel Cell" owner="ExcelLibrary">
<msg time="2025-07-28T18:58:57.642146" level="INFO">${Lastname} = 0918079722</msg>
<var>${Lastname}</var>
<arg>${i}</arg>
<arg>6</arg>
<doc>Returns content of a cell.</doc>
<status status="PASS" start="2025-07-28T18:58:57.641378" elapsed="0.001041"/>
</kw>
<kw name="Read Excel Cell" owner="ExcelLibrary">
<msg time="2025-07-28T18:58:57.643643" level="INFO">${telephone} = ชั้นปีที่ 4</msg>
<var>${telephone}</var>
<arg>${i}</arg>
<arg>7</arg>
<doc>Returns content of a cell.</doc>
<status status="PASS" start="2025-07-28T18:58:57.642878" elapsed="0.001119"/>
</kw>
<kw name="Read Excel Cell" owner="ExcelLibrary">
<msg time="2025-07-28T18:58:57.645121" level="INFO">${year_of_study} = Profile.jpg</msg>
<var>${year_of_study}</var>
<arg>${i}</arg>
<arg>8</arg>
<doc>Returns content of a cell.</doc>
<status status="PASS" start="2025-07-28T18:58:57.644484" elapsed="0.000933"/>
</kw>
<kw name="Read Excel Cell" owner="ExcelLibrary">
<msg time="2025-07-28T18:58:57.646600" level="INFO">${Image} = MJU6504106383</msg>
<var>${Image}</var>
<arg>${i}</arg>
<arg>9</arg>
<doc>Returns content of a cell.</doc>
<status status="PASS" start="2025-07-28T18:58:57.645917" elapsed="0.000936"/>
</kw>
<kw name="Read Excel Cell" owner="ExcelLibrary">
<msg time="2025-07-28T18:58:57.648227" level="INFO">${password} = Ptt123445678##</msg>
<var>${password}</var>
<arg>${i}</arg>
<arg>10</arg>
<doc>Returns content of a cell.</doc>
<status status="PASS" start="2025-07-28T18:58:57.647317" elapsed="0.001846"/>
</kw>
<kw name="Input Fill From Excel" owner="Keyword_RegisterStudent">
<kw name="Input Text" owner="SeleniumLibrary">
<msg time="2025-07-28T18:58:57.652622" level="INFO">Typing text '6504106383' into text field '//input[@id='student_id']'.</msg>
<arg>${LocStuID}</arg>
<arg>${student_id}</arg>
<doc>Types the given ``text`` into the text field identified by ``locator``.</doc>
<status status="PASS" start="2025-07-28T18:58:57.651778" elapsed="0.754223"/>
</kw>
<kw name="Input Text" owner="SeleniumLibrary">
<msg time="2025-07-28T18:58:58.407374" level="INFO">Typing text 'Patarawut' into text field '//input[@id='email_prefix']'.</msg>
<arg>${LocEmail}</arg>
<arg>${email}</arg>
<doc>Types the given ``text`` into the text field identified by ``locator``.</doc>
<status status="PASS" start="2025-07-28T18:58:58.406662" elapsed="0.521851"/>
</kw>
<kw name="Input Text" owner="SeleniumLibrary">
<msg time="2025-07-28T18:58:58.929812" level="INFO">Typing text 'maojai' into text field '//input[@id='fname']'.</msg>
<arg>${LocFName}</arg>
<arg>${Firstname}</arg>
<doc>Types the given ``text`` into the text field identified by ``locator``.</doc>
<status status="PASS" start="2025-07-28T18:58:58.929104" elapsed="0.686135"/>
</kw>
<kw name="Input Text" owner="SeleniumLibrary">
<msg time="2025-07-28T18:58:59.621620" level="INFO">Typing text '0918079722' into text field '//input[@id='lname']'.</msg>
<arg>${LocLName}</arg>
<arg>${Lastname}</arg>
<doc>Types the given ``text`` into the text field identified by ``locator``.</doc>
<status status="PASS" start="2025-07-28T18:58:59.619090" elapsed="0.682590"/>
</kw>
<kw name="Input Text" owner="SeleniumLibrary">
<msg time="2025-07-28T18:59:00.304078" level="INFO">Typing text 'ชั้นปีที่ 4' into text field '//input[@id='phon_num']'.</msg>
<arg>${LocPhone}</arg>
<arg>${telephone}</arg>
<doc>Types the given ``text`` into the text field identified by ``locator``.</doc>
<status status="PASS" start="2025-07-28T18:59:00.302275" elapsed="0.623637"/>
</kw>
<kw name="Select From List By Value" owner="SeleniumLibrary">
<msg time="2025-07-28T18:59:00.926926" level="INFO">Selecting options from selection list '//select[@name='yfs']' by value Profile.jpg.</msg>
<msg time="2025-07-28T18:59:01.839485" level="INFO" html="true">&lt;/td&gt;&lt;/tr&gt;&lt;tr&gt;&lt;td colspan="3"&gt;&lt;a href="selenium-screenshot-3.png"&gt;&lt;img src="selenium-screenshot-3.png" width="800px"&gt;&lt;/a&gt;</msg>
<msg time="2025-07-28T18:59:01.841345" level="FAIL">NoSuchElementException: Message: Cannot locate option with value: Profile.jpg; For documentation on this error, please visit: https://www.selenium.dev/documentation/webdriver/troubleshooting/errors#no-such-element-exception
</msg>
<arg>${LocYear_of_Study}</arg>
<arg>${year of study}</arg>
<doc>Selects options from selection list ``locator`` by ``values``.</doc>
<status status="FAIL" start="2025-07-28T18:59:00.926392" elapsed="0.937563">NoSuchElementException: Message: Cannot locate option with value: Profile.jpg; For documentation on this error, please visit: https://www.selenium.dev/documentation/webdriver/troubleshooting/errors#no-such-element-exception
</status>
</kw>
<kw name="Input Text" owner="SeleniumLibrary">
<arg>${LocPassword}</arg>
<arg>${password}</arg>
<doc>Types the given ``text`` into the text field identified by ``locator``.</doc>
<status status="NOT RUN" start="2025-07-28T18:59:01.864676" elapsed="0.000319"/>
</kw>
<kw name="Choose File" owner="SeleniumLibrary">
<arg>${LocBTTImage}</arg>
<arg>${Image}</arg>
<doc>Inputs the ``file_path`` into the file input field ``locator``.</doc>
<status status="NOT RUN" start="2025-07-28T18:59:01.865452" elapsed="0.000276"/>
</kw>
<arg>${student_id}</arg>
<arg>${email}</arg>
<arg>${Firstname}</arg>
<arg>${Lastname}</arg>
<arg>${telephone}</arg>
<arg>${Image}</arg>
<arg>${year_of_study}</arg>
<arg>${password}</arg>
<status status="FAIL" start="2025-07-28T18:58:57.650104" elapsed="4.216081">NoSuchElementException: Message: Cannot locate option with value: Profile.jpg; For documentation on this error, please visit: https://www.selenium.dev/documentation/webdriver/troubleshooting/errors#no-such-element-exception
</status>
</kw>
<kw name="Click Register Button" owner="Keyword_RegisterStudent">
<status status="NOT RUN" start="2025-07-28T18:59:01.869400" elapsed="0.000374"/>
</kw>
<kw name="Get All Error Messages" owner="Keyword_RegisterStudent">
<var>${ActualResult}</var>
<status status="NOT RUN" start="2025-07-28T18:59:01.871074" elapsed="0.001700"/>
</kw>
<kw name="Write Actual Result RegisterStudent" owner="Keyword_RegisterStudent">
<arg>${i}</arg>
<arg>${ActualResult}</arg>
<status status="NOT RUN" start="2025-07-28T18:59:01.873464" elapsed="0.000368"/>
</kw>
<kw name="Verify Equal Result RegisterStudent" owner="Keyword_RegisterStudent">
<arg>${i}</arg>
<arg>${Expected}</arg>
<arg>${ActualResult}</arg>
<status status="NOT RUN" start="2025-07-28T18:59:01.874574" elapsed="0.000343"/>
</kw>
<kw name="Close Browser Register Student" owner="Keyword_RegisterStudent">
<status status="NOT RUN" start="2025-07-28T18:59:01.875554" elapsed="0.000297"/>
</kw>
<status status="FAIL" start="2025-07-28T18:58:52.186294" elapsed="9.689856">NoSuchElementException: Message: Cannot locate option with value: Profile.jpg; For documentation on this error, please visit: https://www.selenium.dev/documentation/webdriver/troubleshooting/errors#no-such-element-exception
</status>
</branch>
<status status="FAIL" start="2025-07-28T18:58:52.186032" elapsed="9.690428">NoSuchElementException: Message: Cannot locate option with value: Profile.jpg; For documentation on this error, please visit: https://www.selenium.dev/documentation/webdriver/troubleshooting/errors#no-such-element-exception
</status>
</if>
<var name="${i}">2</var>
<status status="FAIL" start="2025-07-28T18:58:52.168455" elapsed="9.708211">NoSuchElementException: Message: Cannot locate option with value: Profile.jpg; For documentation on this error, please visit: https://www.selenium.dev/documentation/webdriver/troubleshooting/errors#no-such-element-exception
</status>
</iter>
<var>${i}</var>
<value>2</value>
<value>${Row}+1</value>
<status status="FAIL" start="2025-07-28T18:58:52.165782" elapsed="9.711267">NoSuchElementException: Message: Cannot locate option with value: Profile.jpg; For documentation on this error, please visit: https://www.selenium.dev/documentation/webdriver/troubleshooting/errors#no-such-element-exception
</status>
</for>
<kw name="Save Excel Register Student" owner="Keyword_RegisterStudent">
<status status="NOT RUN" start="2025-07-28T18:59:01.888405" elapsed="0.000864"/>
</kw>
<status status="FAIL" start="2025-07-28T18:58:52.089991" elapsed="9.802380">NoSuchElementException: Message: Cannot locate option with value: Profile.jpg; For documentation on this error, please visit: https://www.selenium.dev/documentation/webdriver/troubleshooting/errors#no-such-element-exception
</status>
</test>
<status status="FAIL" start="2025-07-28T18:58:50.387721" elapsed="11.514421"/>
</suite>
<statistics>
<total>
<stat pass="0" fail="1" skip="0">All Tests</stat>
</total>
<tag>
</tag>
<suite>
<stat pass="0" fail="1" skip="0" id="s1" name="TestCase RegisterStudent">TestCase RegisterStudent</stat>
</suite>
</statistics>
<errors>
<msg time="2025-07-28T18:58:52.071433" level="WARN">Error in file 'c:\Users\jalem\OneDrive\Desktop\Project_Test_Tutors\Keywords\Keyword_RegisterStudent.robot' on line 61: The '[Return]' setting is deprecated. Use the 'RETURN' statement instead.</msg>
</errors>
</robot>
